# JRE version: OpenJDK Runtime Environment (8.0_152-b01) (build 1.8.0_152-release-1024-b01)
# Java VM: OpenJDK 64-Bit Server VM (25.152-b01 mixed mode bsd-amd64 compressed oops)
Heap:
 PSYoungGen      total 425984K, used 14206K [0x00000007a0000000, 0x00000007bf200000, 0x00000007c0000000)
  eden space 354304K, 0% used [0x00000007a0000000,0x00000007a0000000,0x00000007b5a00000)
  from space 71680K, 19% used [0x00000007bac00000,0x00000007bb9dfa90,0x00000007bf200000)
  to   space 77824K, 0% used [0x00000007b5a00000,0x00000007b5a00000,0x00000007ba600000)
 ParOldGen       total 482304K, used 429015K [0x0000000760000000, 0x000000077d700000, 0x00000007a0000000)
  object space 482304K, 88% used [0x0000000760000000,0x000000077a2f5fd0,0x000000077d700000)
 Metaspace       used 159711K, capacity 168232K, committed 168468K, reserved 1198080K
  class space    used 19008K, capacity 20584K, committed 20608K, reserved 1048576K
GC Heap History (10 events):
Event: 24006.030 GC heap after
Heap after GC invocations=157 (full 7):
 PSYoungGen      total 395264K, used 13647K [0x00000007a0000000, 0x00000007c0000000, 0x00000007c0000000)
  eden space 339968K, 0% used [0x00000007a0000000,0x00000007a0000000,0x00000007b4c00000)
  from space 55296K, 24% used [0x00000007bca00000,0x00000007bd753dc0,0x00000007c0000000)
  to   space 92160K, 0% used [0x00000007b4c00000,0x00000007b4c00000,0x00000007ba600000)
 ParOldGen       total 482304K, used 421850K [0x0000000760000000, 0x000000077d700000, 0x00000007a0000000)
  object space 482304K, 87% used [0x0000000760000000,0x0000000779bf6be0,0x000000077d700000)
 Metaspace       used 151050K, capacity 158742K, committed 159192K, reserved 1189888K
  class space    used 18002K, capacity 19413K, committed 19456K, reserved 1048576K
}
Event: 24006.068 GC heap before
{Heap before GC invocations=158 (full 7):
 PSYoungGen      total 395264K, used 353088K [0x00000007a0000000, 0x00000007c0000000, 0x00000007c0000000)
  eden space 339968K, 99% used [0x00000007a0000000,0x00000007b4b7c3f8,0x00000007b4c00000)
  from space 55296K, 24% used [0x00000007bca00000,0x00000007bd753dc0,0x00000007c0000000)
  to   space 92160K, 0% used [0x00000007b4c00000,0x00000007b4c00000,0x00000007ba600000)
 ParOldGen       total 482304K, used 421850K [0x0000000760000000, 0x000000077d700000, 0x00000007a0000000)
  object space 482304K, 87% used [0x0000000760000000,0x0000000779bf6be0,0x000000077d700000)
 Metaspace       used 151050K, capacity 158742K, committed 159192K, reserved 1189888K
  class space    used 18002K, capacity 19413K, committed 19456K, reserved 1048576K
Event: 24006.081 GC heap after
Heap after GC invocations=158 (full 7):
 PSYoungGen      total 432128K, used 224K [0x00000007a0000000, 0x00000007c0000000, 0x00000007c0000000)
  eden space 339968K, 0% used [0x00000007a0000000,0x00000007a0000000,0x00000007b4c00000)
  from space 92160K, 0% used [0x00000007b4c00000,0x00000007b4c38000,0x00000007ba600000)
  to   space 90112K, 0% used [0x00000007ba800000,0x00000007ba800000,0x00000007c0000000)
 ParOldGen       total 482304K, used 427644K [0x0000000760000000, 0x000000077d700000, 0x00000007a0000000)
  object space 482304K, 88% used [0x0000000760000000,0x000000077a19f3b0,0x000000077d700000)
 Metaspace       used 151050K, capacity 158742K, committed 159192K, reserved 1189888K
  class space    used 18002K, capacity 19413K, committed 19456K, reserved 1048576K
}
Event: 24422.600 GC heap before
{Heap before GC invocations=159 (full 7):
 PSYoungGen      total 432128K, used 340192K [0x00000007a0000000, 0x00000007c0000000, 0x00000007c0000000)
  eden space 339968K, 100% used [0x00000007a0000000,0x00000007b4c00000,0x00000007b4c00000)
  from space 92160K, 0% used [0x00000007b4c00000,0x00000007b4c38000,0x00000007ba600000)
  to   space 90112K, 0% used [0x00000007ba800000,0x00000007ba800000,0x00000007c0000000)
 ParOldGen       total 482304K, used 427644K [0x0000000760000000, 0x000000077d700000, 0x00000007a0000000)
  object space 482304K, 88% used [0x0000000760000000,0x000000077a19f3b0,0x000000077d700000)
 Metaspace       used 151446K, capacity 159302K, committed 159576K, reserved 1189888K
  class space    used 18038K, capacity 19517K, committed 19584K, reserved 1048576K
Event: 24422.614 GC heap after
Heap after GC invocations=159 (full 7):
 PSYoungGen      total 423936K, used 2666K [0x00000007a0000000, 0x00000007bf800000, 0x00000007c0000000)
  eden space 342016K, 0% used [0x00000007a0000000,0x00000007a0000000,0x00000007b4e00000)
  from space 81920K, 3% used [0x00000007ba800000,0x00000007baa9ab60,0x00000007bf800000)
  to   space 87040K, 0% used [0x00000007b4e00000,0x00000007b4e00000,0x00000007ba300000)
 ParOldGen       total 482304K, used 427684K [0x0000000760000000, 0x000000077d700000, 0x00000007a0000000)
  object space 482304K, 88% used [0x0000000760000000,0x000000077a1a93b0,0x000000077d700000)
 Metaspace       used 151446K, capacity 159302K, committed 159576K, reserved 1189888K
  class space    used 18038K, capacity 19517K, committed 19584K, reserved 1048576K
}
Event: 24806.720 GC heap before
{Heap before GC invocations=160 (full 7):
 PSYoungGen      total 423936K, used 344682K [0x00000007a0000000, 0x00000007bf800000, 0x00000007c0000000)
  eden space 342016K, 100% used [0x00000007a0000000,0x00000007b4e00000,0x00000007b4e00000)
  from space 81920K, 3% used [0x00000007ba800000,0x00000007baa9ab60,0x00000007bf800000)
  to   space 87040K, 0% used [0x00000007b4e00000,0x00000007b4e00000,0x00000007ba300000)
 ParOldGen       total 482304K, used 427684K [0x0000000760000000, 0x000000077d700000, 0x00000007a0000000)
  object space 482304K, 88% used [0x0000000760000000,0x000000077a1a93b0,0x000000077d700000)
 Metaspace       used 151879K, capacity 160236K, committed 160472K, reserved 1189888K
  class space    used 18080K, capacity 19622K, committed 19712K, reserved 1048576K
Event: 24806.781 GC heap after
Heap after GC invocations=160 (full 7):
 PSYoungGen      total 429056K, used 7312K [0x00000007a0000000, 0x00000007bfd00000, 0x00000007c0000000)
  eden space 342016K, 0% used [0x00000007a0000000,0x00000007a0000000,0x00000007b4e00000)
  from space 87040K, 8% used [0x00000007b4e00000,0x00000007b5524010,0x00000007ba300000)
  to   space 82944K, 0% used [0x00000007bac00000,0x00000007bac00000,0x00000007bfd00000)
 ParOldGen       total 482304K, used 428339K [0x0000000760000000, 0x000000077d700000, 0x00000007a0000000)
  object space 482304K, 88% used [0x0000000760000000,0x000000077a24cf30,0x000000077d700000)
 Metaspace       used 151879K, capacity 160236K, committed 160472K, reserved 1189888K
  class space    used 18080K, capacity 19622K, committed 19712K, reserved 1048576K
}
Event: 24822.577 GC heap before
{Heap before GC invocations=161 (full 7):
 PSYoungGen      total 429056K, used 249197K [0x00000007a0000000, 0x00000007bfd00000, 0x00000007c0000000)
  eden space 342016K, 70% used [0x00000007a0000000,0x00000007aec374d8,0x00000007b4e00000)
  from space 87040K, 8% used [0x00000007b4e00000,0x00000007b5524010,0x00000007ba300000)
  to   space 82944K, 0% used [0x00000007bac00000,0x00000007bac00000,0x00000007bfd00000)
 ParOldGen       total 482304K, used 428339K [0x0000000760000000, 0x000000077d700000, 0x00000007a0000000)
  object space 482304K, 88% used [0x0000000760000000,0x000000077a24cf30,0x000000077d700000)
 Metaspace       used 159711K, capacity 168232K, committed 168468K, reserved 1198080K
  class space    used 19008K, capacity 20584K, committed 20608K, reserved 1048576K
Event: 24822.586 GC heap after
Heap after GC invocations=161 (full 7):
 PSYoungGen      total 425984K, used 14206K [0x00000007a0000000, 0x00000007bf200000, 0x00000007c0000000)
  eden space 354304K, 0% used [0x00000007a0000000,0x00000007a0000000,0x00000007b5a00000)
  from space 71680K, 19% used [0x00000007bac00000,0x00000007bb9dfa90,0x00000007bf200000)
  to   space 77824K, 0% used [0x00000007b5a00000,0x00000007b5a00000,0x00000007ba600000)
 ParOldGen       total 482304K, used 429015K [0x0000000760000000, 0x000000077d700000, 0x00000007a0000000)
  object space 482304K, 88% used [0x0000000760000000,0x000000077a2f5fd0,0x000000077d700000)
 Metaspace       used 159711K, capacity 168232K, committed 168468K, reserved 1198080K
  class space    used 19008K, capacity 20584K, committed 20608K, reserved 1048576K
}
Event: 24822.586 GC heap before
{Heap before GC invocations=162 (full 8):
 PSYoungGen      total 425984K, used 14206K [0x00000007a0000000, 0x00000007bf200000, 0x00000007c0000000)
  eden space 354304K, 0% used [0x00000007a0000000,0x00000007a0000000,0x00000007b5a00000)
  from space 71680K, 19% used [0x00000007bac00000,0x00000007bb9dfa90,0x00000007bf200000)
  to   space 77824K, 0% used [0x00000007b5a00000,0x00000007b5a00000,0x00000007ba600000)
 ParOldGen       total 482304K, used 429015K [0x0000000760000000, 0x000000077d700000, 0x00000007a0000000)
  object space 482304K, 88% used [0x0000000760000000,0x000000077a2f5fd0,0x000000077d700000)
 Metaspace       used 159711K, capacity 168232K, committed 168468K, reserved 1198080K
  class space    used 19008K, capacity 20584K, committed 20608K, reserved 1048576K

